<?xml version="1.0" encoding="UTF-8"?>
<testng-results ignored="0" total="1" passed="1" failed="0" skipped="0">
  <reporter-output>
  </reporter-output>
  <suite started-at="2020-04-06T16:53:07Z" name="Default suite" finished-at="2020-04-06T16:54:43Z" duration-ms="96368">
    <groups>
    </groups>
    <test started-at="2020-04-06T16:53:07Z" name="Default test" finished-at="2020-04-06T16:54:43Z" duration-ms="96368">
      <class name="Seleniumtests.Takescreenshot">
        <test-method signature="takescreenshot()[pri:0, instance:Seleniumtests.Takescreenshot@57c758ac]" started-at="2020-04-06T16:53:07Z" name="takescreenshot" finished-at="2020-04-06T16:54:43Z" duration-ms="96321" status="PASS">
          <reporter-output>
          </reporter-output>
        </test-method> <!-- takescreenshot -->
      </class> <!-- Seleniumtests.Takescreenshot -->
    </test> <!-- Default test -->
  </suite> <!-- Default suite -->
</testng-results>
